  main.cpp
D:\Nauka\3dRenderer\renderer\olcConsoleGameEngineGL.h(1229,13): warning C4267: 'initializing': conversion from 'size_t' to 'int', possible loss of data
  (compiling source file 'main.cpp')
  
D:\Nauka\3dRenderer\renderer\olcConsoleGameEngineGL.h(1796,32): warning C4267: 'return': conversion from 'size_t' to 'unsigned int', possible loss of data
  (compiling source file 'main.cpp')
  
D:\Nauka\3dRenderer\renderer\olcConsoleGameEngineGL.h(1893,5): warning C4312: 'type cast': conversion from 'DWORD' to 'olcConsoleGameEngine *' of greater size
  (compiling source file 'main.cpp')
  
D:\Nauka\3dRenderer\renderer\main.cpp(57,18): warning C4244: '+=': conversion from 'double' to 'float', possible loss of data
D:\Nauka\3dRenderer\renderer\main.cpp(61,18): warning C4244: '-=': conversion from 'double' to 'float', possible loss of data
D:\Nauka\3dRenderer\renderer\main.cpp(66,18): warning C4244: '+=': conversion from 'double' to 'float', possible loss of data
D:\Nauka\3dRenderer\renderer\main.cpp(70,18): warning C4244: '-=': conversion from 'double' to 'float', possible loss of data
D:\Nauka\3dRenderer\renderer\main.cpp(150,25): warning C4244: 'argument': conversion from 'float' to 'int', possible loss of data
D:\Nauka\3dRenderer\renderer\main.cpp(149,71): warning C4244: 'argument': conversion from 'float' to 'int', possible loss of data
D:\Nauka\3dRenderer\renderer\main.cpp(149,48): warning C4244: 'argument': conversion from 'float' to 'int', possible loss of data
D:\Nauka\3dRenderer\renderer\main.cpp(149,25): warning C4244: 'argument': conversion from 'float' to 'int', possible loss of data
D:\Nauka\3dRenderer\renderer\main.cpp(148,60): warning C4244: 'argument': conversion from 'float' to 'int', possible loss of data
D:\Nauka\3dRenderer\renderer\main.cpp(148,37): warning C4244: 'argument': conversion from 'float' to 'int', possible loss of data
D:\Nauka\3dRenderer\renderer\main.cpp(153,25): warning C4244: 'argument': conversion from 'float' to 'int', possible loss of data
D:\Nauka\3dRenderer\renderer\main.cpp(152,71): warning C4244: 'argument': conversion from 'float' to 'int', possible loss of data
D:\Nauka\3dRenderer\renderer\main.cpp(152,48): warning C4244: 'argument': conversion from 'float' to 'int', possible loss of data
D:\Nauka\3dRenderer\renderer\main.cpp(152,25): warning C4244: 'argument': conversion from 'float' to 'int', possible loss of data
D:\Nauka\3dRenderer\renderer\main.cpp(151,60): warning C4244: 'argument': conversion from 'float' to 'int', possible loss of data
D:\Nauka\3dRenderer\renderer\main.cpp(151,37): warning C4244: 'argument': conversion from 'float' to 'int', possible loss of data
  Console3d.vcxproj -> D:\Nauka\3dRenderer\renderer\x64\Debug\Console3d.exe
